DEBUG:root:Lord: Lord: 
Lord's name: Lord 0
Number of serfs on Fief: 0
Number of Knights: 0
Ready for War status: False
Number of Fief: 0
DEBUG:root:Lord: Lord: 
Lord's name: Lord 1
Number of serfs on Fief: 0
Number of Knights: 0
Ready for War status: False
Number of Fief: 1
DEBUG:root:Lord: Lord: 
Lord's name: Lord 0
Number of serfs on Fief: 0
Number of Knights: 0
Ready for War status: False
Number of Fief: 0
DEBUG:root:Lord: Lord: 
Lord's name: Lord 0
Number of serfs on Fief: 0
Number of Knights: 0
Ready for War status: False
Number of Fief: 0
DEBUG:root:Lord: Lord: 
Lord's name: Lord 1
Number of serfs on Fief: 0
Number of Knights: 0
Ready for War status: False
Number of Fief: 1
DEBUG:root:Lord: Lord: 
Lord's name: Lord 1
Number of serfs on Fief: 0
Number of Knights: 0
Ready for War status: False
Number of Fief: 1
DEBUG:root:Lord: Lord: 
Lord's name: Lord 1
Number of serfs on Fief: 0
Number of Knights: 0
Ready for War status: False
Number of Fief: 1
DEBUG:root:Lord: Lord: 
Lord's name: Lord 2
Number of serfs on Fief: 0
Number of Knights: 0
Ready for War status: False
Number of Fief: 2
DEBUG:root:Lord: Lord: 
Lord's name: Lord 1
Number of serfs on Fief: 0
Number of Knights: 0
Ready for War status: False
Number of Fief: 1
DEBUG:root:Lord: Lord: 
Lord's name: Lord 2
Number of serfs on Fief: 0
Number of Knights: 0
Ready for War status: False
Number of Fief: 2
DEBUG:root:Lord: Lord: 
Lord's name: Lord 3
Number of serfs on Fief: 0
Number of Knights: 0
Ready for War status: False
Number of Fief: 3
DEBUG:root:Lord: Lord: 
Lord's name: Lord 4
Number of serfs on Fief: 0
Number of Knights: 0
Ready for War status: False
Number of Fief: 4
DEBUG:root:Lord: Lord: 
Lord's name: Lord 1
Number of serfs on Fief: 0
Number of Knights: 0
Ready for War status: False
Number of Fief: 1
DEBUG:root:Lord: Lord: 
Lord's name: Lord 2
Number of serfs on Fief: 0
Number of Knights: 0
Ready for War status: False
Number of Fief: 2
DEBUG:root:Lord: Lord: 
Lord's name: Lord 3
Number of serfs on Fief: 0
Number of Knights: 0
Ready for War status: False
Number of Fief: 3
DEBUG:root:Lord: Lord: 
Lord's name: Lord 4
Number of serfs on Fief: 0
Number of Knights: 0
Ready for War status: False
Number of Fief: 4
DEBUG:root:Lord: Lord: 
Lord's name: Lord 1
Number of serfs on Fief: 0
Number of Knights: 0
Ready for War status: False
Number of Fief: 1
DEBUG:root:Lord: Lord: 
Lord's name: Lord 2
Number of serfs on Fief: 0
Number of Knights: 0
Ready for War status: False
Number of Fief: 2
DEBUG:root:Lord: Lord: 
Lord's name: Lord 3
Number of serfs on Fief: 0
Number of Knights: 0
Ready for War status: False
Number of Fief: 3
DEBUG:root:Lord: Lord: 
Lord's name: Lord 4
Number of serfs on Fief: 0
Number of Knights: 0
Ready for War status: False
Number of Fief: 4
DEBUG:root:Lord: Lord: 
Lord's name: Lord 1
Number of serfs on Fief: 0
Number of Knights: 0
Ready for War status: False
Number of Fief: 1
DEBUG:root:Lord: Lord: 
Lord's name: Lord 2
Number of serfs on Fief: 0
Number of Knights: 0
Ready for War status: False
Number of Fief: 2
DEBUG:root:Lord: Lord: 
Lord's name: Lord 3
Number of serfs on Fief: 0
Number of Knights: 0
Ready for War status: False
Number of Fief: 3
DEBUG:root:Lord: Lord: 
Lord's name: Lord 4
Number of serfs on Fief: 0
Number of Knights: 0
Ready for War status: False
Number of Fief: 4
DEBUG:root:Lord: Lord: 
Lord's name: Lord 1
Number of serfs on Fief: 0
Number of Knights: 0
Ready for War status: False
Number of Fief: 1
DEBUG:root:Lord: Lord: 
Lord's name: Lord 2
Number of serfs on Fief: 0
Number of Knights: 0
Ready for War status: False
Number of Fief: 2
DEBUG:root:Lord: Lord: 
Lord's name: Lord 3
Number of serfs on Fief: 0
Number of Knights: 0
Ready for War status: False
Number of Fief: 3
DEBUG:root:Lord: Lord: 
Lord's name: Lord 4
Number of serfs on Fief: 0
Number of Knights: 0
Ready for War status: False
Number of Fief: 4
DEBUG:root:Lord: Lord: 
Lord's name: Lord 1
Number of serfs on Fief: 0
Number of Knights: 0
Ready for War status: False
Number of Fief: 1
DEBUG:root:Lord: Lord: 
Lord's name: Lord 2
Number of serfs on Fief: 0
Number of Knights: 0
Ready for War status: False
Number of Fief: 2
DEBUG:root:Lord: Lord: 
Lord's name: Lord 3
Number of serfs on Fief: 0
Number of Knights: 0
Ready for War status: False
Number of Fief: 3
DEBUG:root:Lord: Lord: 
Lord's name: Lord 4
Number of serfs on Fief: 0
Number of Knights: 0
Ready for War status: False
Number of Fief: 4
DEBUG:root:Lord: Lord: 
Lord's name: Lord 1
Number of serfs on Fief: 0
Number of Knights: 0
Ready for War status: False
Number of Fief: 1
DEBUG:root:Lord: Lord: 
Lord's name: Lord 2
Number of serfs on Fief: 0
Number of Knights: 0
Ready for War status: False
Number of Fief: 2
DEBUG:root:Lord: Lord: 
Lord's name: Lord 3
Number of serfs on Fief: 0
Number of Knights: 0
Ready for War status: False
Number of Fief: 3
DEBUG:root:Lord: Lord: 
Lord's name: Lord 4
Number of serfs on Fief: 0
Number of Knights: 0
Ready for War status: False
Number of Fief: 4
DEBUG:root:Lord: Lord: 
Lord's name: Lord 1
Number of serfs on Fief: 0
Number of Knights: 0
Ready for War status: False
Number of Fief: 1
DEBUG:root:Lord: Lord: 
Lord's name: Lord 2
Number of serfs on Fief: 0
Number of Knights: 0
Ready for War status: False
Number of Fief: 2
DEBUG:root:Lord: Lord: 
Lord's name: Lord 3
Number of serfs on Fief: 0
Number of Knights: 0
Ready for War status: False
Number of Fief: 3
DEBUG:root:Lord: Lord: 
Lord's name: Lord 4
Number of serfs on Fief: 0
Number of Knights: 0
Ready for War status: False
Number of Fief: 4
DEBUG:root:Lord: Lord: 
Lord's name: Lord 1
Number of serfs on Fief: 0
Number of Knights: 0
Ready for War status: False
Number of Fief: 1
DEBUG:root:Lord: Lord: 
Lord's name: Lord 2
Number of serfs on Fief: 0
Number of Knights: 0
Ready for War status: False
Number of Fief: 2
DEBUG:root:Lord: Lord: 
Lord's name: Lord 3
Number of serfs on Fief: 0
Number of Knights: 0
Ready for War status: False
Number of Fief: 3
DEBUG:root:Lord: Lord: 
Lord's name: Lord 4
Number of serfs on Fief: 0
Number of Knights: 0
Ready for War status: False
Number of Fief: 4
DEBUG:root:Lord: Lord: 
Lord's name: Lord 1
Number of serfs on Fief: 0
Number of Knights: 0
Ready for War status: False
Number of Fief: 1
DEBUG:root:Lord: Lord: 
Lord's name: Lord 2
Number of serfs on Fief: 0
Number of Knights: 0
Ready for War status: False
Number of Fief: 2
DEBUG:root:Lord: Lord: 
Lord's name: Lord 3
Number of serfs on Fief: 0
Number of Knights: 0
Ready for War status: False
Number of Fief: 3
DEBUG:root:Lord: Lord: 
Lord's name: Lord 4
Number of serfs on Fief: 0
Number of Knights: 0
Ready for War status: False
Number of Fief: 4
DEBUG:root:Lord: Lord: 
Lord's name: Lord 1
Number of serfs on Fief: 0
Number of Knights: 0
Ready for War status: False
Number of Fief: 1
DEBUG:root:Lord: Lord: 
Lord's name: Lord 2
Number of serfs on Fief: 0
Number of Knights: 0
Ready for War status: False
Number of Fief: 2
DEBUG:root:Lord: Lord: 
Lord's name: Lord 3
Number of serfs on Fief: 0
Number of Knights: 0
Ready for War status: False
Number of Fief: 3
DEBUG:root:Lord: Lord: 
Lord's name: Lord 4
Number of serfs on Fief: 0
Number of Knights: 0
Ready for War status: False
Number of Fief: 4
DEBUG:root:Lord: Lord: 
Lord's name: Lord 1
Number of serfs on Fief: 0
Number of Knights: 0
Ready for War status: False
Number of Fief: 1
DEBUG:root:Lord: Lord: 
Lord's name: Lord 2
Number of serfs on Fief: 0
Number of Knights: 0
Ready for War status: False
Number of Fief: 2
DEBUG:root:Lord: Lord: 
Lord's name: Lord 3
Number of serfs on Fief: 0
Number of Knights: 0
Ready for War status: False
Number of Fief: 3
DEBUG:root:Lord: Lord: 
Lord's name: Lord 4
Number of serfs on Fief: 0
Number of Knights: 0
Ready for War status: False
Number of Fief: 4
DEBUG:root:Lord: Lord: 
Lord's name: Lord 1
Number of serfs on Fief: 0
Number of Knights: 0
Ready for War status: False
Number of Fief: 1
DEBUG:root:Lord: Lord: 
Lord's name: Lord 2
Number of serfs on Fief: 0
Number of Knights: 0
Ready for War status: False
Number of Fief: 2
DEBUG:root:Lord: Lord: 
Lord's name: Lord 3
Number of serfs on Fief: 0
Number of Knights: 0
Ready for War status: False
Number of Fief: 3
DEBUG:root:Lord: Lord: 
Lord's name: Lord 4
Number of serfs on Fief: 0
Number of Knights: 0
Ready for War status: False
Number of Fief: 4
DEBUG:root:Lord: Lord: 
Lord's name: Lord 1
Number of serfs on Fief: 0
Number of Knights: 0
Ready for War status: False
Number of Fief: 1
DEBUG:root:Lord: Lord: 
Lord's name: Lord 2
Number of serfs on Fief: 0
Number of Knights: 0
Ready for War status: False
Number of Fief: 2
DEBUG:root:Lord: Lord: 
Lord's name: Lord 3
Number of serfs on Fief: 0
Number of Knights: 0
Ready for War status: False
Number of Fief: 3
DEBUG:root:Lord: Lord: 
Lord's name: Lord 4
Number of serfs on Fief: 0
Number of Knights: 0
Ready for War status: False
Number of Fief: 4
DEBUG:root:Lord: Lord: 
Lord's name: Lord 1
Number of serfs on Fief: 0
Number of Knights: 0
Ready for War status: False
Number of Fief: 1
DEBUG:root:Lord: Lord: 
Lord's name: Lord 2
Number of serfs on Fief: 0
Number of Knights: 0
Ready for War status: False
Number of Fief: 2
DEBUG:root:Lord: Lord: 
Lord's name: Lord 3
Number of serfs on Fief: 0
Number of Knights: 0
Ready for War status: False
Number of Fief: 3
DEBUG:root:Lord: Lord: 
Lord's name: Lord 4
Number of serfs on Fief: 0
Number of Knights: 0
Ready for War status: False
Number of Fief: 4
DEBUG:root:Lord: Lord: 
Lord's name: Lord 1
Number of serfs on Fief: 0
Number of Knights: 0
Ready for War status: False
Number of Fief: 1
DEBUG:root:Lord: Lord: 
Lord's name: Lord 2
Number of serfs on Fief: 0
Number of Knights: 0
Ready for War status: False
Number of Fief: 2
DEBUG:root:Lord: Lord: 
Lord's name: Lord 3
Number of serfs on Fief: 0
Number of Knights: 0
Ready for War status: False
Number of Fief: 3
DEBUG:root:Lord: Lord: 
Lord's name: Lord 4
Number of serfs on Fief: 0
Number of Knights: 0
Ready for War status: False
Number of Fief: 4
DEBUG:root:Lord: Lord: 
Lord's name: Lord 1
Number of serfs on Fief: 0
Number of Knights: 0
Ready for War status: False
Number of Fief: 1
DEBUG:root:Lord: Lord: 
Lord's name: Lord 2
Number of serfs on Fief: 0
Number of Knights: 0
Ready for War status: False
Number of Fief: 2
DEBUG:root:Lord: Lord: 
Lord's name: Lord 3
Number of serfs on Fief: 0
Number of Knights: 0
Ready for War status: False
Number of Fief: 3
DEBUG:root:Lord: Lord: 
Lord's name: Lord 4
Number of serfs on Fief: 0
Number of Knights: 0
Ready for War status: False
Number of Fief: 4
DEBUG:root:Lord: Lord: 
Lord's name: Lord 1
Number of serfs on Fief: 0
Number of Knights: 0
Ready for War status: False
Number of Fief: 1
DEBUG:root:Lord: Lord: 
Lord's name: Lord 2
Number of serfs on Fief: 0
Number of Knights: 0
Ready for War status: False
Number of Fief: 2
DEBUG:root:Lord: Lord: 
Lord's name: Lord 3
Number of serfs on Fief: 0
Number of Knights: 0
Ready for War status: False
Number of Fief: 3
DEBUG:root:Lord: Lord: 
Lord's name: Lord 4
Number of serfs on Fief: 0
Number of Knights: 0
Ready for War status: False
Number of Fief: 4
DEBUG:root:Lord: Lord: 
Lord's name: Lord 1
Number of serfs on Fief: 0
Number of Knights: 0
Ready for War status: False
Number of Fief: 1
DEBUG:root:Lord: Lord: 
Lord's name: Lord 2
Number of serfs on Fief: 0
Number of Knights: 0
Ready for War status: False
Number of Fief: 2
DEBUG:root:Lord: Lord: 
Lord's name: Lord 3
Number of serfs on Fief: 0
Number of Knights: 0
Ready for War status: False
Number of Fief: 3
DEBUG:root:Lord: Lord: 
Lord's name: Lord 4
Number of serfs on Fief: 0
Number of Knights: 0
Ready for War status: False
Number of Fief: 4
DEBUG:root:Lord: Lord: 
Lord's name: Lord 1
Number of serfs on Fief: 0
Number of Knights: 0
Ready for War status: False
Number of Fief: 1
DEBUG:root:Lord: Lord: 
Lord's name: Lord 2
Number of serfs on Fief: 0
Number of Knights: 0
Ready for War status: False
Number of Fief: 2
DEBUG:root:Lord: Lord: 
Lord's name: Lord 3
Number of serfs on Fief: 0
Number of Knights: 0
Ready for War status: False
Number of Fief: 3
DEBUG:root:Lord: Lord: 
Lord's name: Lord 4
Number of serfs on Fief: 0
Number of Knights: 0
Ready for War status: False
Number of Fief: 4
DEBUG:root:Lord: Lord: 
Lord's name: Lord 1
Number of serfs on Fief: 0
Number of Knights: 0
Ready for War status: False
Number of Fief: 1
DEBUG:root:Lord: Lord: 
Lord's name: Lord 2
Number of serfs on Fief: 0
Number of Knights: 0
Ready for War status: False
Number of Fief: 2
DEBUG:root:Lord: Lord: 
Lord's name: Lord 3
Number of serfs on Fief: 0
Number of Knights: 0
Ready for War status: False
Number of Fief: 3
DEBUG:root:Lord: Lord: 
Lord's name: Lord 4
Number of serfs on Fief: 0
Number of Knights: 0
Ready for War status: False
Number of Fief: 4
DEBUG:root:Lord: Lord: 
Lord's name: Lord 1
Number of serfs on Fief: 0
Number of Knights: 0
Ready for War status: False
Number of Fief: 1
DEBUG:root:Lord: Lord: 
Lord's name: Lord 2
Number of serfs on Fief: 0
Number of Knights: 0
Ready for War status: False
Number of Fief: 2
DEBUG:root:Lord: Lord: 
Lord's name: Lord 3
Number of serfs on Fief: 0
Number of Knights: 0
Ready for War status: False
Number of Fief: 3
DEBUG:root:Lord: Lord: 
Lord's name: Lord 4
Number of serfs on Fief: 0
Number of Knights: 0
Ready for War status: False
Number of Fief: 4
DEBUG:root:Lord: Lord: 
Lord's name: Lord 1
Number of serfs on Fief: 0
Number of Knights: 0
Ready for War status: False
Number of Fief: 1
DEBUG:root:Lord: Lord: 
Lord's name: Lord 2
Number of serfs on Fief: 0
Number of Knights: 0
Ready for War status: False
Number of Fief: 2
DEBUG:root:Lord: Lord: 
Lord's name: Lord 3
Number of serfs on Fief: 0
Number of Knights: 0
Ready for War status: False
Number of Fief: 3
DEBUG:root:Lord: Lord: 
Lord's name: Lord 4
Number of serfs on Fief: 0
Number of Knights: 0
Ready for War status: False
Number of Fief: 4
DEBUG:root:Lord: Lord: 
Lord's name: Lord 1
Number of serfs on Fief: 0
Number of Knights: 0
Ready for War status: False
Number of Fief: 1
DEBUG:root:Lord: Lord: 
Lord's name: Lord 2
Number of serfs on Fief: 0
Number of Knights: 0
Ready for War status: False
Number of Fief: 2
DEBUG:root:Lord: Lord: 
Lord's name: Lord 3
Number of serfs on Fief: 0
Number of Knights: 0
Ready for War status: False
Number of Fief: 3
DEBUG:root:Lord: Lord: 
Lord's name: Lord 4
Number of serfs on Fief: 0
Number of Knights: 0
Ready for War status: False
Number of Fief: 4
DEBUG:root:Lord: Lord: 
Lord's name: Lord 1
Number of serfs on Fief: 0
Number of Knights: 0
Ready for War status: False
Number of Fief: 1
DEBUG:root:Lord: Lord: 
Lord's name: Lord 2
Number of serfs on Fief: 0
Number of Knights: 0
Ready for War status: False
Number of Fief: 2
DEBUG:root:Lord: Lord: 
Lord's name: Lord 3
Number of serfs on Fief: 0
Number of Knights: 0
Ready for War status: False
Number of Fief: 3
DEBUG:root:Lord: Lord: 
Lord's name: Lord 4
Number of serfs on Fief: 0
Number of Knights: 0
Ready for War status: False
Number of Fief: 4
DEBUG:root:Lord: Lord: 
Lord's name: Lord 1
Number of serfs on Fief: 0
Number of Knights: 0
Ready for War status: False
Number of Fief: 1
DEBUG:root:Lord: Lord: 
Lord's name: Lord 2
Number of serfs on Fief: 0
Number of Knights: 0
Ready for War status: False
Number of Fief: 2
DEBUG:root:Lord: Lord: 
Lord's name: Lord 3
Number of serfs on Fief: 0
Number of Knights: 0
Ready for War status: False
Number of Fief: 3
DEBUG:root:Lord: Lord: 
Lord's name: Lord 4
Number of serfs on Fief: 0
Number of Knights: 0
Ready for War status: False
Number of Fief: 4
DEBUG:root:Lord: Lord: 
Lord's name: Lord 1
Number of serfs on Fief: 0
Number of Knights: 0
Ready for War status: False
Number of Fief: 1
DEBUG:root:Lord: Lord: 
Lord's name: Lord 2
Number of serfs on Fief: 0
Number of Knights: 0
Ready for War status: False
Number of Fief: 2
DEBUG:root:Lord: Lord: 
Lord's name: Lord 3
Number of serfs on Fief: 0
Number of Knights: 0
Ready for War status: False
Number of Fief: 3
DEBUG:root:Lord: Lord: 
Lord's name: Lord 4
Number of serfs on Fief: 0
Number of Knights: 0
Ready for War status: False
Number of Fief: 4
DEBUG:root:Lord:  is buying knights
DEBUG:root:Lord:  is buying knights
DEBUG:root:Lord: Lord: 
Lord's name: Lord 1
Number of serfs on Fief: 0
Number of Knights: 0
Ready for War status: False
Number of Fief: 1
DEBUG:root:Lord: Lord: 
Lord's name: Lord 2
Number of serfs on Fief: 0
Number of Knights: 0
Ready for War status: False
Number of Fief: 2
DEBUG:root:Lord: Lord: 
Lord's name: Lord 3
Number of serfs on Fief: 0
Number of Knights: 0
Ready for War status: False
Number of Fief: 3
DEBUG:root:Lord: Lord: 
Lord's name: Lord 4
Number of serfs on Fief: 0
Number of Knights: 0
Ready for War status: False
Number of Fief: 4
DEBUG:root:Lord:  is buying knights
DEBUG:root:Lord:  is buying knights
DEBUG:root:Lord:  is buying knights
DEBUG:root:Lord: Lord: 
Lord's name: Lord 1
Number of serfs on Fief: 0
Number of Knights: 0
Ready for War status: False
Number of Fief: 1
DEBUG:root:Lord: Lord: 
Lord's name: Lord 2
Number of serfs on Fief: 0
Number of Knights: 0
Ready for War status: False
Number of Fief: 2
DEBUG:root:Lord: Lord: 
Lord's name: Lord 3
Number of serfs on Fief: 0
Number of Knights: 0
Ready for War status: False
Number of Fief: 3
DEBUG:root:Lord: Lord: 
Lord's name: Lord 4
Number of serfs on Fief: 0
Number of Knights: 0
Ready for War status: False
Number of Fief: 4
DEBUG:root:Lord: Lord: 
Lord's name: Lord 1
Number of serfs on Fief: 0
Number of Knights: 0
Ready for War status: False
Number of Fief: 1
DEBUG:root:Lord: Lord: 
Lord's name: Lord 2
Number of serfs on Fief: 0
Number of Knights: 0
Ready for War status: False
Number of Fief: 2
DEBUG:root:Lord: Lord: 
Lord's name: Lord 3
Number of serfs on Fief: 0
Number of Knights: 0
Ready for War status: False
Number of Fief: 3
DEBUG:root:Lord: Lord: 
Lord's name: Lord 4
Number of serfs on Fief: 0
Number of Knights: 0
Ready for War status: False
Number of Fief: 4
DEBUG:root:Lord: Lord: 
Lord's name: Lord 1
Number of serfs on Fief: 0
Number of Knights: 0
Ready for War status: False
Number of Fief: 1
DEBUG:root:Lord: Lord: 
Lord's name: Lord 2
Number of serfs on Fief: 0
Number of Knights: 0
Ready for War status: False
Number of Fief: 2
DEBUG:root:Lord: Lord: 
Lord's name: Lord 3
Number of serfs on Fief: 0
Number of Knights: 0
Ready for War status: False
Number of Fief: 3
DEBUG:root:Lord: Lord: 
Lord's name: Lord 4
Number of serfs on Fief: 0
Number of Knights: 0
Ready for War status: False
Number of Fief: 4
DEBUG:root:Lord: Lord: 
Lord's name: Lord 1
Number of serfs on Fief: 0
Number of Knights: 0
Ready for War status: False
Number of Fief: 1
DEBUG:root:Lord: Lord: 
Lord's name: Lord 2
Number of serfs on Fief: 0
Number of Knights: 0
Ready for War status: False
Number of Fief: 2
DEBUG:root:Lord: Lord: 
Lord's name: Lord 3
Number of serfs on Fief: 0
Number of Knights: 0
Ready for War status: False
Number of Fief: 3
DEBUG:root:Lord: Lord: 
Lord's name: Lord 4
Number of serfs on Fief: 0
Number of Knights: 0
Ready for War status: False
Number of Fief: 4
DEBUG:root:Lord:  is buying knights
DEBUG:root:Lord:  is buying knights
DEBUG:root:Lord:  is buying knights
DEBUG:root:Lord:  is buying knights
DEBUG:root:Lord:  is buying knights
DEBUG:root:Lord: Lord: 
Lord's name: Lord 1
Number of serfs on Fief: 0
Number of Knights: 0
Ready for War status: False
Number of Fief: 1
DEBUG:root:Lord: Lord: 
Lord's name: Lord 2
Number of serfs on Fief: 0
Number of Knights: 0
Ready for War status: False
Number of Fief: 2
DEBUG:root:Lord: Lord: 
Lord's name: Lord 3
Number of serfs on Fief: 0
Number of Knights: 0
Ready for War status: False
Number of Fief: 3
DEBUG:root:Lord: Lord: 
Lord's name: Lord 4
Number of serfs on Fief: 0
Number of Knights: 0
Ready for War status: False
Number of Fief: 4
DEBUG:root:Lord:  is buying knights
DEBUG:root:Lord:  is buying knights
DEBUG:root:Lord:  is buying knights
DEBUG:root:Lord:  is buying knights
DEBUG:root:Lord:  is buying knights
DEBUG:root:Lord:  is buying knights
DEBUG:root:Lord:  is buying knights
DEBUG:root:Lord: Lord: 
Lord's name: Lord 1
Number of serfs on Fief: 0
Number of Knights: 0
Ready for War status: False
Number of Fief: 1
DEBUG:root:Lord: Lord: 
Lord's name: Lord 2
Number of serfs on Fief: 0
Number of Knights: 0
Ready for War status: False
Number of Fief: 2
DEBUG:root:Lord: Lord: 
Lord's name: Lord 3
Number of serfs on Fief: 0
Number of Knights: 0
Ready for War status: False
Number of Fief: 3
DEBUG:root:Lord: Lord: 
Lord's name: Lord 4
Number of serfs on Fief: 0
Number of Knights: 0
Ready for War status: False
Number of Fief: 4
DEBUG:root:Lord:  is buying knights
DEBUG:root:Lord:  is buying knights
DEBUG:root:Lord: Lord: 
Lord's name: Lord 1
Number of serfs on Fief: 0
Number of Knights: 0
Ready for War status: False
Number of Fief: 1
DEBUG:root:Lord: Lord: 
Lord's name: Lord 2
Number of serfs on Fief: 0
Number of Knights: 0
Ready for War status: False
Number of Fief: 2
DEBUG:root:Lord: Lord: 
Lord's name: Lord 3
Number of serfs on Fief: 0
Number of Knights: 0
Ready for War status: False
Number of Fief: 3
DEBUG:root:Lord: Lord: 
Lord's name: Lord 4
Number of serfs on Fief: 0
Number of Knights: 0
Ready for War status: False
Number of Fief: 4
DEBUG:root:Lord: Lord: 
Lord's name: Lord 1
Number of serfs on Fief: 0
Number of Knights: 0
Ready for War status: False
Number of Fief: 1
DEBUG:root:Lord: Lord: 
Lord's name: Lord 2
Number of serfs on Fief: 0
Number of Knights: 0
Ready for War status: False
Number of Fief: 2
DEBUG:root:Lord: Lord: 
Lord's name: Lord 3
Number of serfs on Fief: 0
Number of Knights: 0
Ready for War status: False
Number of Fief: 3
DEBUG:root:Lord: Lord: 
Lord's name: Lord 4
Number of serfs on Fief: 0
Number of Knights: 0
Ready for War status: False
Number of Fief: 4
DEBUG:root:Lord:  is buying knights
DEBUG:root:Lord: Lord: 
Lord's name: Lord 1
Number of serfs on Fief: 0
Number of Knights: 0
Ready for War status: False
Number of Fief: 1
DEBUG:root:Lord: Lord: 
Lord's name: Lord 2
Number of serfs on Fief: 0
Number of Knights: 0
Ready for War status: False
Number of Fief: 2
DEBUG:root:Lord: Lord: 
Lord's name: Lord 3
Number of serfs on Fief: 0
Number of Knights: 0
Ready for War status: False
Number of Fief: 3
DEBUG:root:Lord: Lord: 
Lord's name: Lord 4
Number of serfs on Fief: 0
Number of Knights: 0
Ready for War status: False
Number of Fief: 4
DEBUG:root:Lord:  is buying knights
DEBUG:root:Lord:  is buying knights
DEBUG:root:Lord:  is buying knights
DEBUG:root:Lord:  is buying knights
DEBUG:root:Lord:  is buying knights
DEBUG:root:Lord: Lord: 
Lord's name: Lord 1
Number of serfs on Fief: 0
Number of Knights: 0
Ready for War status: False
Number of Fief: 1
DEBUG:root:Lord: Lord: 
Lord's name: Lord 2
Number of serfs on Fief: 0
Number of Knights: 0
Ready for War status: False
Number of Fief: 2
DEBUG:root:Lord: Lord: 
Lord's name: Lord 3
Number of serfs on Fief: 0
Number of Knights: 0
Ready for War status: False
Number of Fief: 3
DEBUG:root:Lord: Lord: 
Lord's name: Lord 4
Number of serfs on Fief: 0
Number of Knights: 0
Ready for War status: False
Number of Fief: 4
DEBUG:root:Lord:  is buying knights
DEBUG:root:Lord:  is buying knights
DEBUG:root:Lord:  is buying knights
DEBUG:root:Lord:  is buying knights
DEBUG:root:Lord:  is buying knights
DEBUG:root:Lord:  is buying knights
DEBUG:root:Lord: Lord: 
Lord's name: Lord 1
Number of serfs on Fief: 0
Number of Knights: 0
Ready for War status: False
Number of Fief: 1
DEBUG:root:Lord: Lord: 
Lord's name: Lord 2
Number of serfs on Fief: 0
Number of Knights: 0
Ready for War status: False
Number of Fief: 2
DEBUG:root:Lord: Lord: 
Lord's name: Lord 3
Number of serfs on Fief: 0
Number of Knights: 0
Ready for War status: False
Number of Fief: 3
DEBUG:root:Lord: Lord: 
Lord's name: Lord 4
Number of serfs on Fief: 0
Number of Knights: 0
Ready for War status: False
Number of Fief: 4
DEBUG:root:Lord:  is buying knights
DEBUG:root:Lord:  is buying knights
DEBUG:root:Lord:  is buying knights
DEBUG:root:Lord:  is buying knights
DEBUG:root:Lord: Lord: 
Lord's name: Lord 1
Number of serfs on Fief: 0
Number of Knights: 0
Ready for War status: False
Number of Fief: 1
DEBUG:root:Lord: Lord: 
Lord's name: Lord 2
Number of serfs on Fief: 0
Number of Knights: 0
Ready for War status: False
Number of Fief: 2
DEBUG:root:Lord: Lord: 
Lord's name: Lord 3
Number of serfs on Fief: 0
Number of Knights: 0
Ready for War status: False
Number of Fief: 3
DEBUG:root:Lord: Lord: 
Lord's name: Lord 4
Number of serfs on Fief: 0
Number of Knights: 0
Ready for War status: False
Number of Fief: 4
DEBUG:root:Lord:  is buying knights
DEBUG:root:Lord:  is buying knights
DEBUG:root:Lord:  is buying knights
DEBUG:root:Lord:  is buying knights
DEBUG:root:Lord:  is buying knights
DEBUG:root:Lord: Lord: 
Lord's name: Lord 1
Number of serfs on Fief: 0
Number of Knights: 0
Ready for War status: False
Number of Fief: 1
DEBUG:root:Lord: Lord: 
Lord's name: Lord 2
Number of serfs on Fief: 0
Number of Knights: 0
Ready for War status: False
Number of Fief: 2
DEBUG:root:Lord: Lord: 
Lord's name: Lord 3
Number of serfs on Fief: 0
Number of Knights: 0
Ready for War status: False
Number of Fief: 3
DEBUG:root:Lord: Lord: 
Lord's name: Lord 4
Number of serfs on Fief: 0
Number of Knights: 0
Ready for War status: False
Number of Fief: 4
DEBUG:root:Lord:  is buying knights
DEBUG:root:Lord:  is buying knights
DEBUG:root:Lord:  is buying knights
DEBUG:root:Lord:  is buying knights
DEBUG:root:Lord:  is buying knights
DEBUG:root:Lord:  is buying knights
DEBUG:root:Lord:  is buying knights
DEBUG:root:Lord:  is buying knights
DEBUG:root:Lord:  is buying knights
DEBUG:root:Lord:  is buying knights
DEBUG:root:Lord:  is buying knights
DEBUG:root:Lord:  is buying knights
DEBUG:root:Lord:  is buying knights
DEBUG:root:Lord:  is buying knights
DEBUG:root:Lord:  is buying knights
DEBUG:root:Lord:  is buying knights
DEBUG:root:Lord:  is buying knights
DEBUG:root:Lord:  is buying knights
DEBUG:root:Lord:  is buying knights
DEBUG:root:Lord:  is buying knights
DEBUG:root:Lord:  is buying knights
DEBUG:root:Lord:  is buying knights
DEBUG:root:Lord:  is buying knights
DEBUG:root:Lord:  is buying knights
DEBUG:root:Lord: Lord: 
Lord's name: Lord 0
Number of serfs on Fief: 0
Number of Knights: 0
Ready for War status: False
Number of Fief: 0
DEBUG:root:Lord: Lord: 
Lord's name: Lord 1
Number of serfs on Fief: 0
Number of Knights: 0
Ready for War status: False
Number of Fief: 1
DEBUG:root:Lord: Lord: 
Lord's name: Lord 2
Number of serfs on Fief: 0
Number of Knights: 0
Ready for War status: False
Number of Fief: 2
DEBUG:root:Lord: Lord: 
Lord's name: Lord 3
Number of serfs on Fief: 0
Number of Knights: 0
Ready for War status: False
Number of Fief: 3
DEBUG:root:Lord: Lord: 
Lord's name: Lord 4
Number of serfs on Fief: 0
Number of Knights: 0
Ready for War status: False
Number of Fief: 4
DEBUG:root:Lord: Lord: 
Lord's name: Lord 5
Number of serfs on Fief: 0
Number of Knights: 0
Ready for War status: False
Number of Fief: 5
DEBUG:root:Lord: Lord: 
Lord's name: Lord 6
Number of serfs on Fief: 0
Number of Knights: 0
Ready for War status: False
Number of Fief: 6
DEBUG:root:Lord: Lord: 
Lord's name: Lord 7
Number of serfs on Fief: 0
Number of Knights: 0
Ready for War status: False
Number of Fief: 7
DEBUG:root:Lord: Lord: 
Lord's name: Lord 8
Number of serfs on Fief: 0
Number of Knights: 0
Ready for War status: False
Number of Fief: 8
DEBUG:root:Lord:  is buying knights
DEBUG:root:Lord:  is buying knights
